<?xml version="1.0" encoding="UTF-8"?>
<!-- Generated by org.testng.reporters.JUnitReportReporter -->
<testsuite hostname="DESKTOP-I6CGFP6" failures="0" tests="1" name="testNG.Amazonwindowhandling" time="32.440" errors="0" timestamp="2024-02-22T15:14:27 IST" skipped="0">
  <testcase classname="testNG.Amazonwindowhandling" name="test" time="32.440"/>
  <system-out/>
</testsuite> <!-- testNG.Amazonwindowhandling -->
