<?xml version="1.0" encoding="UTF-8"?>
<!-- Generated by org.testng.reporters.JUnitReportReporter -->
<testsuite hostname="DESKTOP-I6CGFP6" failures="0" tests="1" name="testNG.Datepickerpgm" time="7.731" errors="0" timestamp="2024-03-04T21:51:39 IST" skipped="0">
  <testcase classname="testNG.Datepickerpgm" name="testlogin" time="7.731"/>
  <system-out/>
</testsuite> <!-- testNG.Datepickerpgm -->
