<?xml version="1.0" encoding="UTF-8"?>
<!-- Generated by org.testng.reporters.JUnitReportReporter -->
<testsuite hostname="DESKTOP-I6CGFP6" failures="0" tests="1" name="testNG.Grouping" time="0.026" errors="0" timestamp="2024-02-16T11:13:03 IST" skipped="0">
  <testcase classname="testNG.Grouping" name="main2" time="0.026"/>
  <system-out/>
</testsuite> <!-- testNG.Grouping -->
