<?xml version="1.0" encoding="UTF-8"?>
<!-- Generated by org.testng.reporters.JUnitReportReporter -->
<testsuite hostname="DESKTOP-I6CGFP6" failures="0" tests="3" name="testNG.Crossbrowsertesting" time="8.745" errors="0" timestamp="2024-02-19T09:49:08 IST" skipped="0">
  <testcase classname="testNG.Crossbrowsertesting" name="fb" time="1.517"/>
  <system-out/>
  <testcase classname="testNG.Crossbrowsertesting" name="fb" time="3.479"/>
  <system-out/>
  <testcase classname="testNG.Crossbrowsertesting" name="fb" time="3.749"/>
  <system-out/>
</testsuite> <!-- testNG.Crossbrowsertesting -->
