<?xml version="1.0" encoding="UTF-8"?>
<!-- Generated by org.testng.reporters.JUnitReportReporter -->
<testsuite hostname="DESKTOP-I6CGFP6" failures="0" tests="1" name="testNG.Dragdrop" time="10.746" errors="0" timestamp="2024-02-19T13:25:04 IST" skipped="0">
  <testcase classname="testNG.Dragdrop" name="test" time="10.746"/>
  <system-out/>
</testsuite> <!-- testNG.Dragdrop -->
