<?xml version="1.0" encoding="UTF-8"?>
<!-- Generated by org.testng.reporters.JUnitReportReporter -->
<testsuite hostname="DESKTOP-I6CGFP6" failures="0" tests="1" name="test.Fblogintest" time="6.088" errors="0" timestamp="2024-02-27T12:18:05 IST" skipped="0">
  <testcase classname="test.Fblogintest" name="testlogin" time="6.088"/>
  <system-out/>
</testsuite> <!-- test.Fblogintest -->
