<?xml version="1.0" encoding="UTF-8"?>
<!-- Generated by org.testng.reporters.JUnitReportReporter -->
<testsuite hostname="DESKTOP-I6CGFP6" failures="0" tests="4" name="basic.TestNG" time="0.034" errors="0" timestamp="2024-02-14T13:11:41 IST" skipped="0">
  <testcase classname="basic.TestNG" name="test3" time="0.018"/>
  <system-out/>
  <testcase classname="basic.TestNG" name="test2" time="0.003"/>
  <system-out/>
  <testcase classname="basic.TestNG" name="test2" time="0.006"/>
  <system-out/>
  <testcase classname="basic.TestNG" name="test1" time="0.007"/>
  <system-out/>
</testsuite> <!-- basic.TestNG -->
