<?xml version="1.0" encoding="UTF-8"?>
<!-- Generated by org.testng.reporters.JUnitReportReporter -->
<testsuite hostname="DESKTOP-I6CGFP6" failures="0" tests="4" name="testNG.Annotation" time="0.034" errors="0" timestamp="2024-02-16T11:10:25 IST" skipped="0">
  <testcase classname="testNG.Annotation" name="test3" time="0.020"/>
  <system-out/>
  <testcase classname="testNG.Annotation" name="test2" time="0.004"/>
  <system-out/>
  <testcase classname="testNG.Annotation" name="test2" time="0.006"/>
  <system-out/>
  <testcase classname="testNG.Annotation" name="test1" time="0.004"/>
  <system-out/>
</testsuite> <!-- testNG.Annotation -->
