<?xml version="1.0" encoding="UTF-8"?>
<!-- Generated by org.testng.reporters.JUnitReportReporter -->
<testsuite hostname="DESKTOP-I6CGFP6" failures="0" tests="1" name="testNG.Windowhandling" time="14.133" errors="0" timestamp="2024-02-22T13:19:47 IST" skipped="0">
  <testcase classname="testNG.Windowhandling" name="test" time="14.133"/>
  <system-out/>
</testsuite> <!-- testNG.Windowhandling -->
