<?xml version="1.0" encoding="UTF-8"?>
<!-- Generated by org.testng.reporters.JUnitReportReporter -->
<testsuite hostname="DESKTOP-I6CGFP6" failures="0" tests="1" name="testNG.Action" time="5.490" errors="0" timestamp="2024-02-23T12:29:04 IST" skipped="0">
  <testcase classname="testNG.Action" name="test" time="5.490"/>
  <system-out/>
</testsuite> <!-- testNG.Action -->
