<?xml version="1.0" encoding="UTF-8"?>
<!-- Generated by org.testng.reporters.JUnitReportReporter -->
<testsuite hostname="DESKTOP-I6CGFP6" failures="0" tests="1" name="test.Fblogintest_pgfactory" time="4.067" errors="0" timestamp="2024-02-28T12:57:58 IST" skipped="0">
  <testcase classname="test.Fblogintest_pgfactory" name="testlogin" time="4.067"/>
  <system-out/>
</testsuite> <!-- test.Fblogintest_pgfactory -->
