<?xml version="1.0" encoding="UTF-8"?>
<!-- Generated by org.testng.reporters.JUnitReportReporter -->
<testsuite hostname="DESKTOP-I6CGFP6" failures="0" tests="1" name="testNG.Scrolldownpg" time="20.085" errors="0" timestamp="2024-02-20T17:05:21 IST" skipped="0">
  <testcase classname="testNG.Scrolldownpg" name="test" time="20.085"/>
  <system-out/>
</testsuite> <!-- testNG.Scrolldownpg -->
