<?xml version="1.0" encoding="UTF-8"?>
<!-- Generated by org.testng.reporters.JUnitReportReporter -->
<testsuite hostname="DESKTOP-I6CGFP6" failures="0" tests="1" name="testNG.Gururightclick" time="17.926" errors="0" timestamp="2024-02-20T18:52:47 IST" skipped="0">
  <testcase classname="testNG.Gururightclick" name="test" time="17.926"/>
  <system-out/>
</testsuite> <!-- testNG.Gururightclick -->
