<?xml version="1.0" encoding="UTF-8"?>
<!-- Generated by org.testng.reporters.JUnitReportReporter -->
<testsuite hostname="DESKTOP-I6CGFP6" failures="0" tests="1" name="basic.TestNGgrouping" time="0.024" errors="0" timestamp="2024-02-16T10:54:34 IST" skipped="0">
  <testcase classname="basic.TestNGgrouping" name="main2" time="0.024"/>
  <system-out/>
</testsuite> <!-- basic.TestNGgrouping -->
