<?xml version="1.0" encoding="UTF-8"?>
<!-- Generated by org.testng.reporters.JUnitReportReporter -->
<testsuite hostname="DESKTOP-I6CGFP6" failures="0" tests="1" name="test.Blazedemologintest" time="3.693" errors="0" timestamp="2024-02-27T13:19:42 IST" skipped="0">
  <testcase classname="test.Blazedemologintest" name="testlogin" time="3.693"/>
  <system-out/>
</testsuite> <!-- test.Blazedemologintest -->
