<?xml version="1.0" encoding="UTF-8"?>
<!-- Generated by org.testng.reporters.JUnitReportReporter -->
<testsuite hostname="DESKTOP-I6CGFP6" failures="0" tests="1" name="testNG.Fileupload_robot" time="6.778" errors="0" timestamp="2024-02-23T13:40:58 IST" skipped="0">
  <testcase classname="testNG.Fileupload_robot" name="test" time="6.778"/>
  <system-out/>
</testsuite> <!-- testNG.Fileupload_robot -->
