<?xml version="1.0" encoding="UTF-8"?>
<!-- Generated by org.testng.reporters.JUnitReportReporter -->
<testsuite hostname="DESKTOP-I6CGFP6" failures="0" tests="1" name="test.Blazedemoregistertest" time="4.832" errors="0" timestamp="2024-02-27T13:20:05 IST" skipped="0">
  <testcase classname="test.Blazedemoregistertest" name="testregister" time="4.832"/>
  <system-out/>
</testsuite> <!-- test.Blazedemoregistertest -->
