<?xml version="1.0" encoding="UTF-8"?>
<!-- Generated by org.testng.reporters.JUnitReportReporter -->
<testsuite hostname="DESKTOP-I6CGFP6" failures="0" tests="3" name="assignment.Herbalasgn" time="43.981" errors="0" timestamp="2024-02-20T22:18:24 IST" skipped="0">
  <testcase classname="assignment.Herbalasgn" name="Screensht" time="1.407"/>
  <system-out/>
  <testcase classname="assignment.Herbalasgn" name="test" time="34.500"/>
  <system-out/>
  <testcase classname="assignment.Herbalasgn" name="link" time="8.074"/>
  <system-out/>
</testsuite> <!-- assignment.Herbalasgn -->
